sudo yum -y update kernel
exit
VM must be running to open SSH connection. Run `vagrant up`
cd /vagrant
mkdir server_lesson && cd server_lesson
git init
touch first.txt
cd /vagrant
pwd
ls
mkdir server_lesson/linux_practice/public
mkdir -p server_lesson/linux_practice/public
ls server_lesson server_lesson/linux_practice
cd /vagrant
touch server_lesson/linux_practice/public/index.php
ls server_lesson/linux_practice/public
cd /vagrant/server_lesson && ls
cd /vagrant/server_lesson/linux_practice/public
cp index.php index_bk.php
ls
cd /vagrant/server_lesson/linux_practice
cp -r public tmp
ls ./ public tmp
cd /vagrant
mv server_lesson/linux_practice server_lesson/linux_practice1
mkdir linux_practice2 linux_practice3
mv ./linux_practice2 ./server_lesson
cd /vagrant/server_lesson/linux_practice1/tmp/
rm *_bk.php
cd /vagrant
rm server_lesson/first.txt
rm -r linux_practice3
ls server_lesson
cd /vagrant/server_lesson
echo '# サーバレッスン' > README.md
echo 'Linuxプラクティス' >> README.md
echo '-----------------' >> README.md
cat README.md
cd /vagrant/server_lesson
vi README.md
pwd
ls
git branch
git branch server_lesson_first
git add .
git status
git commit -m 'first commit'
git branch
git branch server_lesson_first
git branch
git checkout server_lesson_first
git branch
git push origin server_lesson
pwd
ls
cd linux_practice1
ls
git push origin server_lesson
git remote
cd server_lesson/linux_practice2
cd linux_practice2
pwd
cd server_lesson
cd
cd linux_practice2
cd server_lesson/linux_practice2
cd server_lesson
pwd
cd vagrant
/home/vagrant
ls
pwd
cd home
exit
cd /vagrant
cd /server_lesson/linux_practice2
cd /server_lesson
pwd
ls
cd /server_lesson
cd server_lesson
cd linux_practice2
mkdir documents
cd documents
touch gizumo{1..50}.md
pwd
ls
cd linux_practice2
cd /linux_practice2
cd
cd server_lesson
cd vagrant
cd /vagrant
cd server_lesson/linux_practice2
mkdir trash
ls
cd documenta
cd documents
mv gizumo{20..40}.md trash
cd server_lesson/linux_practice2
cd server_lesson
cd
cd server_lesson/linux_practice2
cd /vagrant
cd server_lesson/linux_practice2
mv documents/gizumo{20..40}.md trash
cd trash
ls
cd
cd /vagrant
cd server_lesson/linux_practice2
touch .gitignore
ls
pwd
ls -a
vi .gitignore
git status
history300 -w exec_command.log
history 300 -w exec_command.log
ls -a
touch exec_command.log
ls -a
history 300 -w exec_command.log
history 300
history -w exec_command.log 300
